{"/home/rails/Desktop/testingPractise/mockImplementation.js": {"path":"/home/rails/Desktop/testingPractise/mockImplementation.js","all":false,"statementMap":{"0":{"start":{"line":1,"column":0},"end":{"line":1,"column":31}},"1":{"start":{"line":2,"column":0},"end":{"line":2,"column":30}},"2":{"start":{"line":3,"column":0},"end":{"line":3,"column":34}},"3":{"start":{"line":4,"column":0},"end":{"line":4,"column":1}},"4":{"start":{"line":5,"column":0},"end":{"line":5,"column":34}}},"s":{"0":1,"1":2,"2":2,"3":2,"4":1},"branchMap":{"0":{"type":"branch","line":2,"loc":{"start":{"line":2,"column":0},"end":{"line":4,"column":1}},"locations":[{"start":{"line":2,"column":0},"end":{"line":4,"column":1}}]}},"b":{"0":[2]},"fnMap":{"0":{"name":"mockImplementation","decl":{"start":{"line":2,"column":0},"end":{"line":4,"column":1}},"loc":{"start":{"line":2,"column":0},"end":{"line":4,"column":1}},"line":2}},"f":{"0":2}}
,"/home/rails/Desktop/testingPractise/multiply.js": {"path":"/home/rails/Desktop/testingPractise/multiply.js","all":false,"statementMap":{"0":{"start":{"line":1,"column":0},"end":{"line":1,"column":23}},"1":{"start":{"line":2,"column":0},"end":{"line":2,"column":19}},"2":{"start":{"line":3,"column":0},"end":{"line":3,"column":29}},"3":{"start":{"line":4,"column":0},"end":{"line":4,"column":13}},"4":{"start":{"line":5,"column":0},"end":{"line":5,"column":19}},"5":{"start":{"line":6,"column":0},"end":{"line":6,"column":5}},"6":{"start":{"line":7,"column":0},"end":{"line":7,"column":19}},"7":{"start":{"line":8,"column":0},"end":{"line":8,"column":1}},"8":{"start":{"line":9,"column":0},"end":{"line":9,"column":24}}},"s":{"0":1,"1":1,"2":1,"3":1,"4":0,"5":0,"6":1,"7":1,"8":1},"branchMap":{"0":{"type":"branch","line":1,"loc":{"start":{"line":1,"column":0},"end":{"line":8,"column":1}},"locations":[{"start":{"line":1,"column":0},"end":{"line":8,"column":1}}]},"1":{"type":"branch","line":4,"loc":{"start":{"line":4,"column":12},"end":{"line":6,"column":5}},"locations":[{"start":{"line":4,"column":12},"end":{"line":6,"column":5}}]}},"b":{"0":[1],"1":[0]},"fnMap":{"0":{"name":"multiply","decl":{"start":{"line":1,"column":0},"end":{"line":8,"column":1}},"loc":{"start":{"line":1,"column":0},"end":{"line":8,"column":1}},"line":1}},"f":{"0":1}}
,"/home/rails/Desktop/testingPractise/subtract.js": {"path":"/home/rails/Desktop/testingPractise/subtract.js","all":false,"statementMap":{"0":{"start":{"line":1,"column":0},"end":{"line":1,"column":23}},"1":{"start":{"line":2,"column":0},"end":{"line":2,"column":15}},"2":{"start":{"line":3,"column":0},"end":{"line":3,"column":1}},"3":{"start":{"line":4,"column":0},"end":{"line":4,"column":0}},"4":{"start":{"line":5,"column":0},"end":{"line":5,"column":24}}},"s":{"0":1,"1":1,"2":1,"3":1,"4":1},"branchMap":{"0":{"type":"branch","line":1,"loc":{"start":{"line":1,"column":0},"end":{"line":3,"column":1}},"locations":[{"start":{"line":1,"column":0},"end":{"line":3,"column":1}}]}},"b":{"0":[1]},"fnMap":{"0":{"name":"subtract","decl":{"start":{"line":1,"column":0},"end":{"line":3,"column":1}},"loc":{"start":{"line":1,"column":0},"end":{"line":3,"column":1}},"line":1}},"f":{"0":1}}
,"/home/rails/Desktop/testingPractise/sum.js": {"path":"/home/rails/Desktop/testingPractise/sum.js","all":false,"statementMap":{"0":{"start":{"line":1,"column":0},"end":{"line":1,"column":19}},"1":{"start":{"line":2,"column":0},"end":{"line":2,"column":15}},"2":{"start":{"line":3,"column":0},"end":{"line":3,"column":1}},"3":{"start":{"line":4,"column":0},"end":{"line":4,"column":19}}},"s":{"0":1,"1":2,"2":2,"3":1},"branchMap":{"0":{"type":"branch","line":1,"loc":{"start":{"line":1,"column":1},"end":{"line":3,"column":1}},"locations":[{"start":{"line":1,"column":1},"end":{"line":3,"column":1}}]}},"b":{"0":[2]},"fnMap":{"0":{"name":"sum","decl":{"start":{"line":1,"column":1},"end":{"line":3,"column":1}},"loc":{"start":{"line":1,"column":1},"end":{"line":3,"column":1}},"line":1}},"f":{"0":2}}
,"/home/rails/Desktop/testingPractise/controllers/userController.js": {"path":"/home/rails/Desktop/testingPractise/controllers/userController.js","all":false,"statementMap":{"0":{"start":{"line":1,"column":0},"end":{"line":1,"column":43}},"1":{"start":{"line":2,"column":0},"end":{"line":2,"column":33}},"2":{"start":{"line":3,"column":0},"end":{"line":3,"column":50}},"3":{"start":{"line":4,"column":0},"end":{"line":4,"column":57}},"4":{"start":{"line":5,"column":0},"end":{"line":5,"column":32}},"5":{"start":{"line":6,"column":0},"end":{"line":6,"column":27}},"6":{"start":{"line":7,"column":0},"end":{"line":7,"column":29}},"7":{"start":{"line":8,"column":0},"end":{"line":8,"column":25}},"8":{"start":{"line":9,"column":0},"end":{"line":9,"column":7}},"9":{"start":{"line":10,"column":0},"end":{"line":10,"column":32}},"10":{"start":{"line":11,"column":0},"end":{"line":11,"column":37}},"11":{"start":{"line":12,"column":0},"end":{"line":12,"column":41}},"12":{"start":{"line":13,"column":0},"end":{"line":13,"column":11}},"13":{"start":{"line":14,"column":0},"end":{"line":14,"column":5}},"14":{"start":{"line":15,"column":0},"end":{"line":15,"column":22}},"15":{"start":{"line":16,"column":0},"end":{"line":16,"column":37}},"16":{"start":{"line":17,"column":0},"end":{"line":17,"column":47}},"17":{"start":{"line":18,"column":0},"end":{"line":18,"column":10}},"18":{"start":{"line":19,"column":0},"end":{"line":19,"column":5}},"19":{"start":{"line":20,"column":0},"end":{"line":20,"column":4}},"20":{"start":{"line":21,"column":0},"end":{"line":21,"column":1}},"21":{"start":{"line":22,"column":0},"end":{"line":22,"column":38}},"22":{"start":{"line":23,"column":0},"end":{"line":23,"column":30}},"23":{"start":{"line":24,"column":0},"end":{"line":24,"column":1}}},"s":{"0":1,"1":1,"2":1,"3":1,"4":1,"5":1,"6":1,"7":1,"8":1,"9":1,"10":0,"11":0,"12":0,"13":1,"14":1,"15":0,"16":0,"17":0,"18":1,"19":1,"20":1,"21":1,"22":0,"23":0},"branchMap":{"0":{"type":"branch","line":2,"loc":{"start":{"line":2,"column":0},"end":{"line":2,"column":6}},"locations":[{"start":{"line":2,"column":0},"end":{"line":2,"column":6}}]},"1":{"type":"branch","line":2,"loc":{"start":{"line":2,"column":0},"end":{"line":2,"column":6}},"locations":[{"start":{"line":2,"column":0},"end":{"line":2,"column":6}}]},"2":{"type":"branch","line":2,"loc":{"start":{"line":2,"column":0},"end":{"line":2,"column":6}},"locations":[{"start":{"line":2,"column":0},"end":{"line":2,"column":6}}]},"3":{"type":"branch","line":2,"loc":{"start":{"line":2,"column":0},"end":{"line":2,"column":6}},"locations":[{"start":{"line":2,"column":0},"end":{"line":2,"column":6}}]},"4":{"type":"branch","line":2,"loc":{"start":{"line":2,"column":0},"end":{"line":2,"column":6}},"locations":[{"start":{"line":2,"column":0},"end":{"line":2,"column":6}}]},"5":{"type":"branch","line":2,"loc":{"start":{"line":2,"column":0},"end":{"line":2,"column":6}},"locations":[{"start":{"line":2,"column":0},"end":{"line":2,"column":6}}]},"6":{"type":"branch","line":2,"loc":{"start":{"line":2,"column":0},"end":{"line":2,"column":6}},"locations":[{"start":{"line":2,"column":0},"end":{"line":2,"column":6}}]},"7":{"type":"branch","line":2,"loc":{"start":{"line":2,"column":0},"end":{"line":2,"column":6}},"locations":[{"start":{"line":2,"column":0},"end":{"line":2,"column":6}}]},"8":{"type":"branch","line":2,"loc":{"start":{"line":2,"column":0},"end":{"line":2,"column":6}},"locations":[{"start":{"line":2,"column":0},"end":{"line":2,"column":6}}]},"9":{"type":"branch","line":2,"loc":{"start":{"line":2,"column":0},"end":{"line":2,"column":6}},"locations":[{"start":{"line":2,"column":0},"end":{"line":2,"column":6}}]},"10":{"type":"branch","line":2,"loc":{"start":{"line":2,"column":0},"end":{"line":2,"column":6}},"locations":[{"start":{"line":2,"column":0},"end":{"line":2,"column":6}}]},"11":{"type":"branch","line":2,"loc":{"start":{"line":2,"column":0},"end":{"line":2,"column":6}},"locations":[{"start":{"line":2,"column":0},"end":{"line":2,"column":6}}]},"12":{"type":"branch","line":2,"loc":{"start":{"line":2,"column":0},"end":{"line":2,"column":6}},"locations":[{"start":{"line":2,"column":0},"end":{"line":2,"column":6}}]},"13":{"type":"branch","line":2,"loc":{"start":{"line":2,"column":0},"end":{"line":2,"column":6}},"locations":[{"start":{"line":2,"column":0},"end":{"line":2,"column":6}}]},"14":{"type":"branch","line":2,"loc":{"start":{"line":2,"column":0},"end":{"line":2,"column":6}},"locations":[{"start":{"line":2,"column":0},"end":{"line":2,"column":6}}]},"15":{"type":"branch","line":2,"loc":{"start":{"line":2,"column":0},"end":{"line":2,"column":6}},"locations":[{"start":{"line":2,"column":0},"end":{"line":2,"column":6}}]},"16":{"type":"branch","line":2,"loc":{"start":{"line":2,"column":0},"end":{"line":2,"column":6}},"locations":[{"start":{"line":2,"column":0},"end":{"line":2,"column":6}}]},"17":{"type":"branch","line":2,"loc":{"start":{"line":2,"column":0},"end":{"line":2,"column":6}},"locations":[{"start":{"line":2,"column":0},"end":{"line":2,"column":6}}]},"18":{"type":"branch","line":2,"loc":{"start":{"line":2,"column":0},"end":{"line":2,"column":6}},"locations":[{"start":{"line":2,"column":0},"end":{"line":2,"column":6}}]},"19":{"type":"branch","line":2,"loc":{"start":{"line":2,"column":0},"end":{"line":2,"column":6}},"locations":[{"start":{"line":2,"column":0},"end":{"line":2,"column":6}}]},"20":{"type":"branch","line":2,"loc":{"start":{"line":2,"column":0},"end":{"line":2,"column":6}},"locations":[{"start":{"line":2,"column":0},"end":{"line":2,"column":6}}]},"21":{"type":"branch","line":2,"loc":{"start":{"line":2,"column":0},"end":{"line":2,"column":6}},"locations":[{"start":{"line":2,"column":0},"end":{"line":2,"column":6}}]},"22":{"type":"branch","line":2,"loc":{"start":{"line":2,"column":0},"end":{"line":2,"column":6}},"locations":[{"start":{"line":2,"column":0},"end":{"line":2,"column":6}}]},"23":{"type":"branch","line":2,"loc":{"start":{"line":2,"column":0},"end":{"line":2,"column":6}},"locations":[{"start":{"line":2,"column":0},"end":{"line":2,"column":6}}]},"24":{"type":"branch","line":2,"loc":{"start":{"line":2,"column":0},"end":{"line":2,"column":6}},"locations":[{"start":{"line":2,"column":0},"end":{"line":2,"column":6}}]},"25":{"type":"branch","line":2,"loc":{"start":{"line":2,"column":0},"end":{"line":2,"column":6}},"locations":[{"start":{"line":2,"column":0},"end":{"line":2,"column":6}}]},"26":{"type":"branch","line":2,"loc":{"start":{"line":2,"column":0},"end":{"line":2,"column":6}},"locations":[{"start":{"line":2,"column":0},"end":{"line":2,"column":6}}]},"27":{"type":"branch","line":2,"loc":{"start":{"line":2,"column":0},"end":{"line":2,"column":6}},"locations":[{"start":{"line":2,"column":0},"end":{"line":2,"column":6}}]},"28":{"type":"branch","line":2,"loc":{"start":{"line":2,"column":0},"end":{"line":2,"column":6}},"locations":[{"start":{"line":2,"column":0},"end":{"line":2,"column":6}}]},"29":{"type":"branch","line":2,"loc":{"start":{"line":2,"column":0},"end":{"line":2,"column":6}},"locations":[{"start":{"line":2,"column":0},"end":{"line":2,"column":6}}]},"30":{"type":"branch","line":2,"loc":{"start":{"line":2,"column":0},"end":{"line":2,"column":6}},"locations":[{"start":{"line":2,"column":0},"end":{"line":2,"column":6}}]},"31":{"type":"branch","line":2,"loc":{"start":{"line":2,"column":0},"end":{"line":2,"column":6}},"locations":[{"start":{"line":2,"column":0},"end":{"line":2,"column":6}}]},"32":{"type":"branch","line":2,"loc":{"start":{"line":2,"column":0},"end":{"line":2,"column":6}},"locations":[{"start":{"line":2,"column":0},"end":{"line":2,"column":6}}]},"33":{"type":"branch","line":2,"loc":{"start":{"line":2,"column":0},"end":{"line":2,"column":6}},"locations":[{"start":{"line":2,"column":0},"end":{"line":2,"column":6}}]},"34":{"type":"branch","line":2,"loc":{"start":{"line":2,"column":0},"end":{"line":2,"column":6}},"locations":[{"start":{"line":2,"column":0},"end":{"line":2,"column":6}}]},"35":{"type":"branch","line":2,"loc":{"start":{"line":2,"column":0},"end":{"line":2,"column":6}},"locations":[{"start":{"line":2,"column":0},"end":{"line":2,"column":6}}]},"36":{"type":"branch","line":2,"loc":{"start":{"line":2,"column":0},"end":{"line":2,"column":6}},"locations":[{"start":{"line":2,"column":0},"end":{"line":2,"column":6}}]},"37":{"type":"branch","line":2,"loc":{"start":{"line":2,"column":0},"end":{"line":2,"column":6}},"locations":[{"start":{"line":2,"column":0},"end":{"line":2,"column":6}}]},"38":{"type":"branch","line":2,"loc":{"start":{"line":2,"column":0},"end":{"line":2,"column":6}},"locations":[{"start":{"line":2,"column":0},"end":{"line":2,"column":6}}]},"39":{"type":"branch","line":2,"loc":{"start":{"line":2,"column":0},"end":{"line":2,"column":6}},"locations":[{"start":{"line":2,"column":0},"end":{"line":2,"column":6}}]},"40":{"type":"branch","line":2,"loc":{"start":{"line":2,"column":0},"end":{"line":2,"column":6}},"locations":[{"start":{"line":2,"column":0},"end":{"line":2,"column":6}}]},"41":{"type":"branch","line":2,"loc":{"start":{"line":2,"column":0},"end":{"line":2,"column":6}},"locations":[{"start":{"line":2,"column":0},"end":{"line":2,"column":6}}]},"42":{"type":"branch","line":2,"loc":{"start":{"line":2,"column":0},"end":{"line":2,"column":6}},"locations":[{"start":{"line":2,"column":0},"end":{"line":2,"column":6}}]},"43":{"type":"branch","line":2,"loc":{"start":{"line":2,"column":0},"end":{"line":2,"column":6}},"locations":[{"start":{"line":2,"column":0},"end":{"line":2,"column":6}}]},"44":{"type":"branch","line":2,"loc":{"start":{"line":2,"column":0},"end":{"line":2,"column":6}},"locations":[{"start":{"line":2,"column":0},"end":{"line":2,"column":6}}]},"45":{"type":"branch","line":3,"loc":{"start":{"line":3,"column":25},"end":{"line":21,"column":1}},"locations":[{"start":{"line":3,"column":25},"end":{"line":21,"column":1}}]},"46":{"type":"branch","line":3,"loc":{"start":{"line":3,"column":26},"end":{"line":18,"column":10}},"locations":[{"start":{"line":3,"column":26},"end":{"line":18,"column":10}}]},"47":{"type":"branch","line":3,"loc":{"start":{"line":3,"column":48},"end":{"line":18,"column":10}},"locations":[{"start":{"line":3,"column":48},"end":{"line":18,"column":10}}]},"48":{"type":"branch","line":3,"loc":{"start":{"line":3,"column":48},"end":{"line":18,"column":10}},"locations":[{"start":{"line":3,"column":48},"end":{"line":18,"column":10}}]},"49":{"type":"branch","line":3,"loc":{"start":{"line":3,"column":48},"end":{"line":4,"column":57}},"locations":[{"start":{"line":3,"column":48},"end":{"line":4,"column":57}}]},"50":{"type":"branch","line":4,"loc":{"start":{"line":4,"column":56},"end":{"line":9,"column":7}},"locations":[{"start":{"line":4,"column":56},"end":{"line":9,"column":7}}]},"51":{"type":"branch","line":9,"loc":{"start":{"line":9,"column":6},"end":{"line":13,"column":11}},"locations":[{"start":{"line":9,"column":6},"end":{"line":13,"column":11}}]},"52":{"type":"branch","line":10,"loc":{"start":{"line":10,"column":30},"end":{"line":13,"column":11}},"locations":[{"start":{"line":10,"column":30},"end":{"line":13,"column":11}}]},"53":{"type":"branch","line":13,"loc":{"start":{"line":13,"column":10},"end":{"line":18,"column":10}},"locations":[{"start":{"line":13,"column":10},"end":{"line":18,"column":10}}]},"54":{"type":"branch","line":15,"loc":{"start":{"line":15,"column":20},"end":{"line":18,"column":10}},"locations":[{"start":{"line":15,"column":20},"end":{"line":18,"column":10}}]}},"b":{"0":[1],"1":[0],"2":[0],"3":[0],"4":[0],"5":[0],"6":[0],"7":[1],"8":[13],"9":[1],"10":[0],"11":[3],"12":[0],"13":[2],"14":[6],"15":[3],"16":[1],"17":[3],"18":[0],"19":[0],"20":[0],"21":[0],"22":[1],"23":[2],"24":[0],"25":[0],"26":[1],"27":[1],"28":[1],"29":[0],"30":[0],"31":[1],"32":[0],"33":[1],"34":[0],"35":[1],"36":[0],"37":[3],"38":[0],"39":[1],"40":[2],"41":[1],"42":[1],"43":[1],"44":[3],"45":[1],"46":[1],"47":[3],"48":[5],"49":[1],"50":[1],"51":[1],"52":[0],"53":[1],"54":[0]},"fnMap":{"0":{"name":"_regeneratorRuntime","decl":{"start":{"line":2,"column":0},"end":{"line":2,"column":6}},"loc":{"start":{"line":2,"column":0},"end":{"line":2,"column":6}},"line":2},"1":{"name":"_regeneratorRuntime","decl":{"start":{"line":2,"column":0},"end":{"line":2,"column":6}},"loc":{"start":{"line":2,"column":0},"end":{"line":2,"column":6}},"line":2},"2":{"name":"defineProperty","decl":{"start":{"line":2,"column":0},"end":{"line":2,"column":6}},"loc":{"start":{"line":2,"column":0},"end":{"line":2,"column":6}},"line":2},"3":{"name":"define","decl":{"start":{"line":2,"column":0},"end":{"line":2,"column":6}},"loc":{"start":{"line":2,"column":0},"end":{"line":2,"column":6}},"line":2},"4":{"name":"define","decl":{"start":{"line":2,"column":0},"end":{"line":2,"column":6}},"loc":{"start":{"line":2,"column":0},"end":{"line":2,"column":6}},"line":2},"5":{"name":"wrap","decl":{"start":{"line":2,"column":0},"end":{"line":2,"column":6}},"loc":{"start":{"line":2,"column":0},"end":{"line":2,"column":6}},"line":2},"6":{"name":"tryCatch","decl":{"start":{"line":2,"column":0},"end":{"line":2,"column":6}},"loc":{"start":{"line":2,"column":0},"end":{"line":2,"column":6}},"line":2},"7":{"name":"Generator","decl":{"start":{"line":2,"column":0},"end":{"line":2,"column":6}},"loc":{"start":{"line":2,"column":0},"end":{"line":2,"column":6}},"line":2},"8":{"name":"GeneratorFunction","decl":{"start":{"line":2,"column":0},"end":{"line":2,"column":6}},"loc":{"start":{"line":2,"column":0},"end":{"line":2,"column":6}},"line":2},"9":{"name":"GeneratorFunctionPrototype","decl":{"start":{"line":2,"column":0},"end":{"line":2,"column":6}},"loc":{"start":{"line":2,"column":0},"end":{"line":2,"column":6}},"line":2},"10":{"name":"defineIteratorMethods","decl":{"start":{"line":2,"column":0},"end":{"line":2,"column":6}},"loc":{"start":{"line":2,"column":0},"end":{"line":2,"column":6}},"line":2},"11":{"name":"AsyncIterator","decl":{"start":{"line":2,"column":0},"end":{"line":2,"column":6}},"loc":{"start":{"line":2,"column":0},"end":{"line":2,"column":6}},"line":2},"12":{"name":"makeInvokeMethod","decl":{"start":{"line":2,"column":0},"end":{"line":2,"column":6}},"loc":{"start":{"line":2,"column":0},"end":{"line":2,"column":6}},"line":2},"13":{"name":"maybeInvokeDelegate","decl":{"start":{"line":2,"column":0},"end":{"line":2,"column":6}},"loc":{"start":{"line":2,"column":0},"end":{"line":2,"column":6}},"line":2},"14":{"name":"pushTryEntry","decl":{"start":{"line":2,"column":0},"end":{"line":2,"column":6}},"loc":{"start":{"line":2,"column":0},"end":{"line":2,"column":6}},"line":2},"15":{"name":"resetTryEntry","decl":{"start":{"line":2,"column":0},"end":{"line":2,"column":6}},"loc":{"start":{"line":2,"column":0},"end":{"line":2,"column":6}},"line":2},"16":{"name":"Context","decl":{"start":{"line":2,"column":0},"end":{"line":2,"column":6}},"loc":{"start":{"line":2,"column":0},"end":{"line":2,"column":6}},"line":2},"17":{"name":"values","decl":{"start":{"line":2,"column":0},"end":{"line":2,"column":6}},"loc":{"start":{"line":2,"column":0},"end":{"line":2,"column":6}},"line":2},"18":{"name":"next","decl":{"start":{"line":2,"column":0},"end":{"line":2,"column":6}},"loc":{"start":{"line":2,"column":0},"end":{"line":2,"column":6}},"line":2},"19":{"name":"doneResult","decl":{"start":{"line":2,"column":0},"end":{"line":2,"column":6}},"loc":{"start":{"line":2,"column":0},"end":{"line":2,"column":6}},"line":2},"20":{"name":"exports.isGeneratorFunction","decl":{"start":{"line":2,"column":0},"end":{"line":2,"column":6}},"loc":{"start":{"line":2,"column":0},"end":{"line":2,"column":6}},"line":2},"21":{"name":"exports.mark","decl":{"start":{"line":2,"column":0},"end":{"line":2,"column":6}},"loc":{"start":{"line":2,"column":0},"end":{"line":2,"column":6}},"line":2},"22":{"name":"exports.awrap","decl":{"start":{"line":2,"column":0},"end":{"line":2,"column":6}},"loc":{"start":{"line":2,"column":0},"end":{"line":2,"column":6}},"line":2},"23":{"name":"exports.async","decl":{"start":{"line":2,"column":0},"end":{"line":2,"column":6}},"loc":{"start":{"line":2,"column":0},"end":{"line":2,"column":6}},"line":2},"24":{"name":"exports.keys","decl":{"start":{"line":2,"column":0},"end":{"line":2,"column":6}},"loc":{"start":{"line":2,"column":0},"end":{"line":2,"column":6}},"line":2},"25":{"name":"reset","decl":{"start":{"line":2,"column":0},"end":{"line":2,"column":6}},"loc":{"start":{"line":2,"column":0},"end":{"line":2,"column":6}},"line":2},"26":{"name":"stop","decl":{"start":{"line":2,"column":0},"end":{"line":2,"column":6}},"loc":{"start":{"line":2,"column":0},"end":{"line":2,"column":6}},"line":2},"27":{"name":"dispatchException","decl":{"start":{"line":2,"column":0},"end":{"line":2,"column":6}},"loc":{"start":{"line":2,"column":0},"end":{"line":2,"column":6}},"line":2},"28":{"name":"abrupt","decl":{"start":{"line":2,"column":0},"end":{"line":2,"column":6}},"loc":{"start":{"line":2,"column":0},"end":{"line":2,"column":6}},"line":2},"29":{"name":"complete","decl":{"start":{"line":2,"column":0},"end":{"line":2,"column":6}},"loc":{"start":{"line":2,"column":0},"end":{"line":2,"column":6}},"line":2},"30":{"name":"finish","decl":{"start":{"line":2,"column":0},"end":{"line":2,"column":6}},"loc":{"start":{"line":2,"column":0},"end":{"line":2,"column":6}},"line":2},"31":{"name":"_catch","decl":{"start":{"line":2,"column":0},"end":{"line":2,"column":6}},"loc":{"start":{"line":2,"column":0},"end":{"line":2,"column":6}},"line":2},"32":{"name":"delegateYield","decl":{"start":{"line":2,"column":0},"end":{"line":2,"column":6}},"loc":{"start":{"line":2,"column":0},"end":{"line":2,"column":6}},"line":2},"33":{"name":"asyncGeneratorStep","decl":{"start":{"line":2,"column":0},"end":{"line":2,"column":6}},"loc":{"start":{"line":2,"column":0},"end":{"line":2,"column":6}},"line":2},"34":{"name":"_asyncToGenerator","decl":{"start":{"line":2,"column":0},"end":{"line":2,"column":6}},"loc":{"start":{"line":2,"column":0},"end":{"line":2,"column":6}},"line":2},"35":{"name":"_next","decl":{"start":{"line":2,"column":0},"end":{"line":2,"column":6}},"loc":{"start":{"line":2,"column":0},"end":{"line":2,"column":6}},"line":2},"36":{"name":"_throw","decl":{"start":{"line":2,"column":0},"end":{"line":2,"column":6}},"loc":{"start":{"line":2,"column":0},"end":{"line":2,"column":6}},"line":2},"37":{"name":"_callee","decl":{"start":{"line":3,"column":26},"end":{"line":18,"column":10}},"loc":{"start":{"line":3,"column":26},"end":{"line":18,"column":10}},"line":3},"38":{"name":"_callee$","decl":{"start":{"line":3,"column":48},"end":{"line":18,"column":10}},"loc":{"start":{"line":3,"column":48},"end":{"line":18,"column":10}},"line":3},"39":{"name":"Object.<anonymous>.module.exports.home","decl":{"start":{"line":22,"column":20},"end":{"line":24,"column":1}},"loc":{"start":{"line":22,"column":20},"end":{"line":24,"column":1}},"line":22}},"f":{"0":1,"1":1,"2":0,"3":13,"4":0,"5":1,"6":3,"7":0,"8":0,"9":0,"10":2,"11":0,"12":1,"13":0,"14":0,"15":1,"16":1,"17":1,"18":0,"19":0,"20":0,"21":1,"22":0,"23":0,"24":0,"25":1,"26":1,"27":0,"28":0,"29":0,"30":0,"31":0,"32":0,"33":3,"34":1,"35":3,"36":0,"37":1,"38":3,"39":0}}
,"/home/rails/Desktop/testingPractise/models/userSchema.js": {"path":"/home/rails/Desktop/testingPractise/models/userSchema.js","all":false,"statementMap":{"0":{"start":{"line":1,"column":0},"end":{"line":1,"column":35}},"1":{"start":{"line":2,"column":0},"end":{"line":2,"column":38}},"2":{"start":{"line":3,"column":0},"end":{"line":3,"column":10}},"3":{"start":{"line":4,"column":0},"end":{"line":4,"column":20}},"4":{"start":{"line":5,"column":0},"end":{"line":5,"column":6}},"5":{"start":{"line":6,"column":0},"end":{"line":6,"column":11}},"6":{"start":{"line":7,"column":0},"end":{"line":7,"column":20}},"7":{"start":{"line":8,"column":0},"end":{"line":8,"column":22}},"8":{"start":{"line":9,"column":0},"end":{"line":9,"column":19}},"9":{"start":{"line":10,"column":0},"end":{"line":10,"column":6}},"10":{"start":{"line":11,"column":0},"end":{"line":11,"column":14}},"11":{"start":{"line":12,"column":0},"end":{"line":12,"column":20}},"12":{"start":{"line":13,"column":0},"end":{"line":13,"column":22}},"13":{"start":{"line":14,"column":0},"end":{"line":14,"column":5}},"14":{"start":{"line":15,"column":0},"end":{"line":15,"column":3}},"15":{"start":{"line":16,"column":0},"end":{"line":16,"column":19}},"16":{"start":{"line":17,"column":0},"end":{"line":17,"column":3}},"17":{"start":{"line":18,"column":0},"end":{"line":18,"column":45}},"18":{"start":{"line":19,"column":0},"end":{"line":19,"column":20}}},"s":{"0":1,"1":1,"2":1,"3":1,"4":1,"5":1,"6":1,"7":1,"8":1,"9":1,"10":1,"11":1,"12":1,"13":1,"14":1,"15":1,"16":1,"17":1,"18":1},"branchMap":{},"b":{},"fnMap":{},"f":{}}
}
