TN:
SF:mockImplementation.js
FN:2,mockImplementation
FNF:1
FNH:1
FNDA:2,mockImplementation
DA:1,1
DA:2,2
DA:3,2
DA:4,2
DA:5,1
LF:5
LH:5
BRDA:2,0,0,2
BRF:1
BRH:1
end_of_record
TN:
SF:multiply.js
FN:1,multiply
FNF:1
FNH:1
FNDA:1,multiply
DA:1,1
DA:2,1
DA:3,1
DA:4,1
DA:5,0
DA:6,0
DA:7,1
DA:8,1
DA:9,1
LF:9
LH:7
BRDA:1,0,0,1
BRDA:4,1,0,0
BRF:2
BRH:1
end_of_record
TN:
SF:subtract.js
FN:1,subtract
FNF:1
FNH:1
FNDA:1,subtract
DA:1,1
DA:2,1
DA:3,1
DA:4,1
DA:5,1
LF:5
LH:5
BRDA:1,0,0,1
BRF:1
BRH:1
end_of_record
TN:
SF:sum.js
FN:1,sum
FNF:1
FNH:1
FNDA:2,sum
DA:1,1
DA:2,2
DA:3,2
DA:4,1
LF:4
LH:4
BRDA:1,0,0,2
BRF:1
BRH:1
end_of_record
TN:
SF:controllers/userController.js
FN:2,_regeneratorRuntime
FN:2,_regeneratorRuntime
FN:2,defineProperty
FN:2,define
FN:2,define
FN:2,wrap
FN:2,tryCatch
FN:2,Generator
FN:2,GeneratorFunction
FN:2,GeneratorFunctionPrototype
FN:2,defineIteratorMethods
FN:2,AsyncIterator
FN:2,makeInvokeMethod
FN:2,maybeInvokeDelegate
FN:2,pushTryEntry
FN:2,resetTryEntry
FN:2,Context
FN:2,values
FN:2,next
FN:2,doneResult
FN:2,exports.isGeneratorFunction
FN:2,exports.mark
FN:2,exports.awrap
FN:2,exports.async
FN:2,exports.keys
FN:2,reset
FN:2,stop
FN:2,dispatchException
FN:2,abrupt
FN:2,complete
FN:2,finish
FN:2,_catch
FN:2,delegateYield
FN:2,asyncGeneratorStep
FN:2,_asyncToGenerator
FN:2,_next
FN:2,_throw
FN:3,_callee
FN:3,_callee$
FN:22,Object.<anonymous>.module.exports.home
FNF:40
FNH:18
FNDA:1,_regeneratorRuntime
FNDA:1,_regeneratorRuntime
FNDA:0,defineProperty
FNDA:13,define
FNDA:0,define
FNDA:1,wrap
FNDA:3,tryCatch
FNDA:0,Generator
FNDA:0,GeneratorFunction
FNDA:0,GeneratorFunctionPrototype
FNDA:2,defineIteratorMethods
FNDA:0,AsyncIterator
FNDA:1,makeInvokeMethod
FNDA:0,maybeInvokeDelegate
FNDA:0,pushTryEntry
FNDA:1,resetTryEntry
FNDA:1,Context
FNDA:1,values
FNDA:0,next
FNDA:0,doneResult
FNDA:0,exports.isGeneratorFunction
FNDA:1,exports.mark
FNDA:0,exports.awrap
FNDA:0,exports.async
FNDA:0,exports.keys
FNDA:1,reset
FNDA:1,stop
FNDA:0,dispatchException
FNDA:0,abrupt
FNDA:0,complete
FNDA:0,finish
FNDA:0,_catch
FNDA:0,delegateYield
FNDA:3,asyncGeneratorStep
FNDA:1,_asyncToGenerator
FNDA:3,_next
FNDA:0,_throw
FNDA:1,_callee
FNDA:3,_callee$
FNDA:0,Object.<anonymous>.module.exports.home
DA:1,1
DA:2,1
DA:3,1
DA:4,1
DA:5,1
DA:6,1
DA:7,1
DA:8,1
DA:9,1
DA:10,1
DA:11,0
DA:12,0
DA:13,0
DA:14,1
DA:15,1
DA:16,0
DA:17,0
DA:18,0
DA:19,1
DA:20,1
DA:21,1
DA:22,1
DA:23,0
DA:24,0
LF:24
LH:16
BRDA:2,0,0,1
BRDA:2,1,0,0
BRDA:2,2,0,0
BRDA:2,3,0,0
BRDA:2,4,0,0
BRDA:2,5,0,0
BRDA:2,6,0,0
BRDA:2,7,0,1
BRDA:2,8,0,13
BRDA:2,9,0,1
BRDA:2,10,0,0
BRDA:2,11,0,3
BRDA:2,12,0,0
BRDA:2,13,0,2
BRDA:2,14,0,6
BRDA:2,15,0,3
BRDA:2,16,0,1
BRDA:2,17,0,3
BRDA:2,18,0,0
BRDA:2,19,0,0
BRDA:2,20,0,0
BRDA:2,21,0,0
BRDA:2,22,0,1
BRDA:2,23,0,2
BRDA:2,24,0,0
BRDA:2,25,0,0
BRDA:2,26,0,1
BRDA:2,27,0,1
BRDA:2,28,0,1
BRDA:2,29,0,0
BRDA:2,30,0,0
BRDA:2,31,0,1
BRDA:2,32,0,0
BRDA:2,33,0,1
BRDA:2,34,0,0
BRDA:2,35,0,1
BRDA:2,36,0,0
BRDA:2,37,0,3
BRDA:2,38,0,0
BRDA:2,39,0,1
BRDA:2,40,0,2
BRDA:2,41,0,1
BRDA:2,42,0,1
BRDA:2,43,0,1
BRDA:2,44,0,3
BRDA:3,45,0,1
BRDA:3,46,0,1
BRDA:3,47,0,3
BRDA:3,48,0,5
BRDA:3,49,0,1
BRDA:4,50,0,1
BRDA:9,51,0,1
BRDA:10,52,0,0
BRDA:13,53,0,1
BRDA:15,54,0,0
BRF:55
BRH:33
end_of_record
TN:
SF:models/userSchema.js
FNF:0
FNH:0
DA:1,1
DA:2,1
DA:3,1
DA:4,1
DA:5,1
DA:6,1
DA:7,1
DA:8,1
DA:9,1
DA:10,1
DA:11,1
DA:12,1
DA:13,1
DA:14,1
DA:15,1
DA:16,1
DA:17,1
DA:18,1
DA:19,1
LF:19
LH:19
BRF:0
BRH:0
end_of_record
